#
# A fatal error has been detected by the Java Runtime Environment:
#
#  EXCEPTION_ACCESS_VIOLATION (0xc0000005) at pc=0x6d166ad0, pid=4936, tid=696
#
# JRE version: 6.0_21-b07
# Java VM: Java HotSpot(TM) Client VM (17.0-b17 mixed mode, sharing windows-x86 )
# Problematic frame:
# C  [awt.dll+0xb6ad0]
#
# If you would like to submit a bug report, please visit:
#   http://java.sun.com/webapps/bugreport/crash.jsp
# The crash happened outside the Java Virtual Machine in native code.
# See problematic frame for where to report the bug.
#

---------------  T H R E A D  ---------------

Current thread (0x03b34800):  JavaThread "AWT-Windows" daemon [_thread_in_native, id=696, stack(0x03f60000,0x03fb0000)]

siginfo: ExceptionCode=0xc0000005, reading address 0x00000000

Registers:
EAX=0x03faf758, EBX=0x03b4aa50, ECX=0x00000394, EDX=0x00000100
ESP=0x03faf740, EBP=0x03faf8b8, ESI=0x00000000, EDI=0x00000100
EIP=0x6d166ad0, EFLAGS=0x00010216

Top of Stack: (sp=0x03faf740)
0x03faf740:   03faf758 00001000 00000000 03b40da0
0x03faf750:   00000100 43e60000 00000027 6d15efbc
0x03faf760:   00000000 00000000 03b40da0 000001a5
0x03faf770:   6d15f2ea 00000000 03b6c564 6d16362f
0x03faf780:   00009824 03b34918 00000001 000000ea
0x03faf790:   00000000 03faf7a4 000000fc 75b298d8
0x03faf7a0:   0000c1c1 03b34918 016d20e0 75ad50e8
0x03faf7b0:   00000000 03faf888 002265a8 00000000 

Instructions: (pc=0x6d166ad0)
0x6d166ac0:   05 00 20 00 00 50 c1 e2 05 8d 44 24 14 50 8b fa
0x6d166ad0:   8b 16 57 c1 e1 05 51 56 ff 52 2c 85 c0 0f 8c 93 


Stack: [0x03f60000,0x03fb0000],  sp=0x03faf740,  free space=13d03faf25ck
Native frames: (J=compiled Java code, j=interpreted, Vv=VM code, C=native code)
C  [awt.dll+0xb6ad0]
C  [awt.dll+0x9c6dc]
C  [USER32.dll+0x1c4e7]
C  [USER32.dll+0x1c5e7]
C  [USER32.dll+0x14f0e]
C  [USER32.dll+0x14f7d]
C  [ntdll.dll+0x46fee]
C  [USER32.dll+0x164a1]

Java frames: (J=compiled Java code, j=interpreted, Vv=VM code)
j  sun.awt.windows.WToolkit.eventLoop()V+0
j  sun.awt.windows.WToolkit.run()V+52
j  java.lang.Thread.run()V+11
v  ~StubRoutines::call_stub

---------------  P R O C E S S  ---------------

Java Threads: ( => current thread )
  0x063be800 JavaThread "TimerQueue" daemon [_thread_blocked, id=4088, stack(0x06cc0000,0x06d10000)]
  0x06490400 JavaThread "D3D Screen Updater" daemon [_thread_blocked, id=5780, stack(0x067c0000,0x06810000)]
  0x03c5e800 JavaThread "MySQL Statement Cancellation Timer" daemon [_thread_blocked, id=3992, stack(0x06770000,0x067c0000)]
  0x001b9c00 JavaThread "DestroyJavaVM" [_thread_blocked, id=5892, stack(0x00150000,0x001a0000)]
  0x03b34c00 JavaThread "AWT-EventQueue-0" [_thread_in_native, id=5468, stack(0x03fb0000,0x04000000)]
=>0x03b34800 JavaThread "AWT-Windows" daemon [_thread_in_native, id=696, stack(0x03f60000,0x03fb0000)]
  0x03b2d000 JavaThread "AWT-Shutdown" [_thread_blocked, id=3836, stack(0x03f10000,0x03f60000)]
  0x03b2ac00 JavaThread "Java2D Disposer" daemon [_thread_blocked, id=656, stack(0x03d60000,0x03db0000)]
  0x01722000 JavaThread "Low Memory Detector" daemon [_thread_blocked, id=204, stack(0x039e0000,0x03a30000)]
  0x0171cc00 JavaThread "CompilerThread0" daemon [_thread_blocked, id=3232, stack(0x03990000,0x039e0000)]
  0x01719c00 JavaThread "Attach Listener" daemon [_thread_blocked, id=5248, stack(0x03940000,0x03990000)]
  0x01716c00 JavaThread "Signal Dispatcher" daemon [_thread_blocked, id=4292, stack(0x038f0000,0x03940000)]
  0x016d7400 JavaThread "Finalizer" daemon [_thread_blocked, id=5896, stack(0x038a0000,0x038f0000)]
  0x016d2800 JavaThread "Reference Handler" daemon [_thread_blocked, id=1880, stack(0x03850000,0x038a0000)]

Other Threads:
  0x016d0c00 VMThread [stack: 0x03800000,0x03850000] [id=6024]
  0x01735800 WatcherThread [stack: 0x03a30000,0x03a80000] [id=1412]

VM state:not at safepoint (normal execution)

VM Mutex/Monitor currently owned by a thread: None

Heap
 def new generation   total 4928K, used 4003K [0x23a90000, 0x23fe0000, 0x28fe0000)
  eden space 4416K,  86% used [0x23a90000, 0x23e505f0, 0x23ee0000)
  from space 512K,  31% used [0x23f60000, 0x23f88968, 0x23fe0000)
  to   space 512K,   0% used [0x23ee0000, 0x23ee0000, 0x23f60000)
 tenured generation   total 10944K, used 2087K [0x28fe0000, 0x29a90000, 0x33a90000)
   the space 10944K,  19% used [0x28fe0000, 0x291e9c90, 0x291e9e00, 0x29a90000)
 compacting perm gen  total 12288K, used 11366K [0x33a90000, 0x34690000, 0x37a90000)
   the space 12288K,  92% used [0x33a90000, 0x345a9920, 0x345a9a00, 0x34690000)
    ro space 10240K,  54% used [0x37a90000, 0x3800c0f0, 0x3800c200, 0x38490000)
    rw space 12288K,  55% used [0x38490000, 0x38b2fb80, 0x38b2fc00, 0x39090000)

Dynamic libraries:
0x00400000 - 0x00424000 	C:\Program Files\Java\jdk1.6.0_21\bin\java.exe
0x76e00000 - 0x76f3c000 	C:\Windows\SYSTEM32\ntdll.dll
0x75c20000 - 0x75cf4000 	C:\Windows\system32\kernel32.dll
0x74fd0000 - 0x7501a000 	C:\Windows\system32\KERNELBASE.dll
0x75260000 - 0x75300000 	C:\Windows\system32\ADVAPI32.dll
0x754b0000 - 0x7555c000 	C:\Windows\system32\msvcrt.dll
0x75300000 - 0x75319000 	C:\Windows\SYSTEM32\sechost.dll
0x75dd0000 - 0x75e71000 	C:\Windows\system32\RPCRT4.dll
0x7c340000 - 0x7c396000 	C:\Program Files\Java\jdk1.6.0_21\jre\bin\msvcr71.dll
0x6d8b0000 - 0x6db57000 	C:\Program Files\Java\jdk1.6.0_21\jre\bin\client\jvm.dll
0x75ac0000 - 0x75b89000 	C:\Windows\system32\USER32.dll
0x76f50000 - 0x76f9e000 	C:\Windows\system32\GDI32.dll
0x754a0000 - 0x754aa000 	C:\Windows\system32\LPK.dll
0x75870000 - 0x7590d000 	C:\Windows\system32\USP10.dll
0x730e0000 - 0x73112000 	C:\Windows\system32\WINMM.dll
0x75480000 - 0x7549f000 	C:\Windows\system32\IMM32.DLL
0x75d00000 - 0x75dcc000 	C:\Windows\system32\MSCTF.dll
0x74e80000 - 0x74ecc000 	C:\Windows\system32\apphelp.dll
0x6d860000 - 0x6d86c000 	C:\Program Files\Java\jdk1.6.0_21\jre\bin\verify.dll
0x6d3e0000 - 0x6d3ff000 	C:\Program Files\Java\jdk1.6.0_21\jre\bin\java.dll
0x6d340000 - 0x6d348000 	C:\Program Files\Java\jdk1.6.0_21\jre\bin\hpi.dll
0x75700000 - 0x75705000 	C:\Windows\system32\PSAPI.DLL
0x6d8a0000 - 0x6d8af000 	C:\Program Files\Java\jdk1.6.0_21\jre\bin\zip.dll
0x6d0b0000 - 0x6d1fa000 	C:\Program Files\Java\jdk1.6.0_21\jre\bin\awt.dll
0x73390000 - 0x733e1000 	C:\Windows\system32\WINSPOOL.DRV
0x75320000 - 0x7547c000 	C:\Windows\system32\ole32.dll
0x73b20000 - 0x73cbe000 	C:\Windows\WinSxS\x86_microsoft.windows.common-controls_6595b64144ccf1df_6.0.7601.17514_none_41e6975e2bd6f2b2\COMCTL32.dll
0x76b20000 - 0x76b77000 	C:\Windows\system32\SHLWAPI.dll
0x73780000 - 0x73793000 	C:\Windows\system32\DWMAPI.DLL
0x73a70000 - 0x73ab0000 	C:\Windows\system32\uxtheme.dll
0x10000000 - 0x1000f000 	C:\Program Files\Dexpot\hooxpot.dll
0x74ed0000 - 0x74edc000 	C:\Windows\system32\CRYPTBASE.dll
0x75ed0000 - 0x76b1a000 	C:\Windows\system32\shell32.dll
0x6d2e0000 - 0x6d334000 	C:\Program Files\Java\jdk1.6.0_21\jre\bin\fontmanager.dll
0x5d220000 - 0x5d3e3000 	C:\Windows\system32\d3d9.dll
0x74320000 - 0x74329000 	C:\Windows\system32\VERSION.dll
0x72b20000 - 0x72b26000 	C:\Windows\system32\d3d8thk.dll
0x73260000 - 0x732e2000 	C:\Windows\system32\aticfx32.dll
0x69ba0000 - 0x69ba9000 	C:\Windows\system32\atiu9pag.dll
0x67c80000 - 0x68052000 	C:\Windows\system32\atiumdag.dll
0x67770000 - 0x67a72000 	C:\Windows\system32\atiumdva.dll
0x6d6c0000 - 0x6d6d3000 	C:\Program Files\Java\jdk1.6.0_21\jre\bin\net.dll
0x75a50000 - 0x75a85000 	C:\Windows\system32\WS2_32.dll
0x76f40000 - 0x76f46000 	C:\Windows\system32\NSI.dll
0x749c0000 - 0x749fc000 	C:\Windows\system32\mswsock.dll
0x749b0000 - 0x749b6000 	C:\Windows\System32\wship6.dll
0x744a0000 - 0x744a5000 	C:\Windows\System32\wshtcpip.dll
0x6fad0000 - 0x6faf7000 	C:\Program Files\Common Files\Microsoft Shared\Windows Live\WLIDNSP.DLL
0x74880000 - 0x748c4000 	C:\Windows\system32\DNSAPI.dll
0x73690000 - 0x736ac000 	C:\Windows\system32\IPHLPAPI.DLL
0x72d20000 - 0x72d27000 	C:\Windows\system32\WINNSI.DLL
0x6fac0000 - 0x6fac6000 	C:\Windows\system32\rasadhlp.dll
0x72cd0000 - 0x72d08000 	C:\Windows\System32\fwpuclnt.dll
0x73200000 - 0x73210000 	C:\Windows\system32\NLAapi.dll
0x6faa0000 - 0x6fab0000 	C:\Windows\system32\napinsp.dll
0x6f6e0000 - 0x6f6f2000 	C:\Windows\system32\pnrpnsp.dll
0x6fa90000 - 0x6fa98000 	C:\Windows\System32\winrnr.dll
0x6d6e0000 - 0x6d6e9000 	C:\Program Files\Java\jdk1.6.0_21\jre\bin\nio.dll
0x6d250000 - 0x6d273000 	C:\Program Files\Java\jdk1.6.0_21\jre\bin\dcpr.dll
0x75b90000 - 0x75c13000 	C:\Windows\system32\CLBCatQ.DLL
0x76fa0000 - 0x7702f000 	C:\Windows\system32\OLEAUT32.dll
0x64b20000 - 0x64b42000 	C:\Windows\IME\SpTip.dll
0x74a00000 - 0x74a16000 	C:\Windows\system32\CRYPTSP.dll
0x747a0000 - 0x747db000 	C:\Windows\system32\rsaenh.dll
0x74f40000 - 0x74f4e000 	C:\Windows\system32\RpcRtRemote.dll

VM Arguments:
jvm_args: -Dfile.encoding=UTF-8 
java_command: view.Main
Launcher Type: SUN_STANDARD

Environment Variables:
JAVA_HOME=C:\Program Files\Java\jdk1.6.0_21
CLASSPATH=C:\Program Files\pl\lib\jpl.jar
PATH=C:\Program Files\Java\jdk1.6.0_21\bin;C:\Program Files\pl\bin;C:\Program Files\pl\lib;C:\Program Files\pl\library;C:\Program Files\Java\jdk1.6.0_21\bin
USERNAME=Hernan
OS=Windows_NT
PROCESSOR_IDENTIFIER=x86 Family 17 Model 3 Stepping 1, AuthenticAMD



---------------  S Y S T E M  ---------------

OS: Windows 7 Build 7601 Service Pack 1

CPU:total 2 (2 cores per cpu, 1 threads per core) family 17 model 3 stepping 1, cmov, cx8, fxsr, mmx, sse, sse2, sse3, mmxext, 3dnow, 3dnowext

Memory: 4k page, physical 3078512k(931448k free), swap 3076756k(928988k free)

vm_info: Java HotSpot(TM) Client VM (17.0-b17) for windows-x86 JRE (1.6.0_21-b07), built on Jul 17 2010 01:10:15 by "java_re" with MS VC++ 7.1 (VS2003)

time: Sun Nov 20 16:07:06 2011
elapsed time: 3364 seconds

